<?xml version="1.0" encoding="UTF-8"?>
<coverage generated="1783003385098" clover="3.2.0">
  <project timestamp="1783003385098" name="All files">
    <metrics statements="221" coveredstatements="221" conditionals="124" coveredconditionals="124" methods="83" coveredmethods="83" elements="428" coveredelements="428" complexity="0" loc="221" ncloc="221" packages="2" files="9" classes="9"/>
    <package name="src">
      <metrics statements="220" coveredstatements="220" conditionals="122" coveredconditionals="122" methods="82" coveredmethods="82"/>
      <file name="KeckField.ts" path="/Users/alex/dev/keck-forms/src/KeckField.ts">
        <metrics statements="46" coveredstatements="46" conditionals="28" coveredconditionals="28" methods="19" coveredmethods="19"/>
        <line num="34" count="418" type="stmt"/>
        <line num="35" count="418" type="stmt"/>
        <line num="39" count="114" type="stmt"/>
        <line num="43" count="43" type="stmt"/>
        <line num="44" count="43" type="cond" truecount="2" falsecount="0"/>
        <line num="45" count="42" type="stmt"/>
        <line num="47" count="1" type="stmt"/>
        <line num="54" count="15" type="stmt"/>
        <line num="55" count="17" type="stmt"/>
        <line num="56" count="17" type="stmt"/>
        <line num="61" count="125" type="stmt"/>
        <line num="62" count="131" type="cond" truecount="2" falsecount="0"/>
        <line num="65" count="79" type="stmt"/>
        <line num="66" count="79" type="stmt"/>
        <line num="67" count="142" type="stmt"/>
        <line num="69" count="142" type="cond" truecount="2" falsecount="0"/>
        <line num="72" count="61" type="stmt"/>
        <line num="83" count="45" type="stmt"/>
        <line num="84" count="45" type="cond" truecount="2" falsecount="0"/>
        <line num="85" count="37" type="cond" truecount="2" falsecount="0"/>
        <line num="86" count="34" type="stmt"/>
        <line num="87" count="34" type="stmt"/>
        <line num="88" count="3" type="stmt"/>
        <line num="89" count="8" type="cond" truecount="2" falsecount="0"/>
        <line num="90" count="6" type="stmt"/>
        <line num="91" count="6" type="stmt"/>
        <line num="93" count="6" type="stmt"/>
        <line num="94" count="11" type="stmt"/>
        <line num="95" count="11" type="stmt"/>
        <line num="96" count="11" type="cond" truecount="2" falsecount="0"/>
        <line num="100" count="7" type="stmt"/>
        <line num="102" count="4" type="stmt"/>
        <line num="106" count="6" type="cond" truecount="4" falsecount="0"/>
        <line num="107" count="2" type="stmt"/>
        <line num="110" count="2" type="stmt"/>
        <line num="116" count="15" type="cond" truecount="2" falsecount="0"/>
        <line num="120" count="5" type="stmt"/>
        <line num="122" count="7" type="cond" truecount="2" falsecount="0"/>
        <line num="125" count="2" type="stmt"/>
        <line num="130" count="32" type="stmt"/>
        <line num="134" count="3" type="stmt"/>
        <line num="135" count="3" type="stmt"/>
        <line num="136" count="3" type="cond" truecount="2" falsecount="0"/>
        <line num="137" count="2" type="stmt"/>
        <line num="139" count="1" type="stmt"/>
        <line num="141" count="3" type="stmt"/>
      </file>
      <file name="KeckFieldArray.ts" path="/Users/alex/dev/keck-forms/src/KeckFieldArray.ts">
        <metrics statements="54" coveredstatements="54" conditionals="21" coveredconditionals="21" methods="26" coveredmethods="26"/>
        <line num="23" count="6" type="stmt"/>
        <line num="40" count="3" type="stmt"/>
        <line num="41" count="6" type="stmt"/>
        <line num="45" count="3" type="stmt"/>
        <line num="47" count="5" type="stmt"/>
        <line num="48" count="9" type="cond" truecount="3" falsecount="0"/>
        <line num="50" count="5" type="stmt"/>
        <line num="52" count="2" type="stmt"/>
        <line num="58" count="20" type="stmt"/>
        <line num="59" count="20" type="cond" truecount="4" falsecount="0"/>
        <line num="60" count="11" type="stmt"/>
        <line num="61" count="11" type="cond" truecount="2" falsecount="0"/>
        <line num="66" count="14" type="stmt"/>
        <line num="67" count="14" type="stmt"/>
        <line num="68" count="14" type="stmt"/>
        <line num="69" count="14" type="cond" truecount="2" falsecount="0"/>
        <line num="73" count="9" type="stmt"/>
        <line num="75" count="5" type="stmt"/>
        <line num="77" count="9" type="stmt"/>
        <line num="79" count="14" type="cond" truecount="2" falsecount="0"/>
        <line num="80" count="9" type="stmt"/>
        <line num="85" count="3" type="stmt"/>
        <line num="86" count="3" type="stmt"/>
        <line num="92" count="3" type="stmt"/>
        <line num="93" count="3" type="stmt"/>
        <line num="94" count="3" type="stmt"/>
        <line num="95" count="3" type="stmt"/>
        <line num="96" count="3" type="stmt"/>
        <line num="101" count="6" type="stmt"/>
        <line num="102" count="6" type="stmt"/>
        <line num="103" count="6" type="stmt"/>
        <line num="104" count="6" type="stmt"/>
        <line num="109" count="2" type="stmt"/>
        <line num="110" count="2" type="stmt"/>
        <line num="111" count="2" type="stmt"/>
        <line num="112" count="2" type="stmt"/>
        <line num="113" count="2" type="stmt"/>
        <line num="118" count="2" type="stmt"/>
        <line num="119" count="2" type="stmt"/>
        <line num="120" count="2" type="stmt"/>
        <line num="125" count="2" type="stmt"/>
        <line num="126" count="2" type="stmt"/>
        <line num="127" count="2" type="stmt"/>
        <line num="128" count="2" type="stmt"/>
        <line num="129" count="2" type="cond" truecount="2" falsecount="0"/>
        <line num="130" count="1" type="stmt"/>
        <line num="136" count="2" type="stmt"/>
        <line num="137" count="2" type="stmt"/>
        <line num="138" count="2" type="stmt"/>
        <line num="143" count="3" type="stmt"/>
        <line num="144" count="3" type="stmt"/>
        <line num="145" count="3" type="stmt"/>
        <line num="146" count="3" type="cond" truecount="2" falsecount="0"/>
        <line num="147" count="3" type="stmt"/>
      </file>
      <file name="KeckFieldObject.ts" path="/Users/alex/dev/keck-forms/src/KeckFieldObject.ts">
        <metrics statements="6" coveredstatements="6" conditionals="3" coveredconditionals="3" methods="6" coveredmethods="6"/>
        <line num="20" count="10" type="stmt"/>
        <line num="24" count="32" type="stmt"/>
        <line num="26" count="34" type="stmt"/>
        <line num="27" count="35" type="cond" truecount="3" falsecount="0"/>
        <line num="29" count="34" type="stmt"/>
        <line num="31" count="2" type="stmt"/>
      </file>
      <file name="KeckForm.internalFields.ts" path="/Users/alex/dev/keck-forms/src/KeckForm.internalFields.ts">
        <metrics statements="3" coveredstatements="3" conditionals="0" coveredconditionals="0" methods="0" coveredmethods="0"/>
        <line num="1" count="14" type="stmt"/>
        <line num="2" count="14" type="stmt"/>
        <line num="3" count="14" type="stmt"/>
      </file>
      <file name="KeckForm.ts" path="/Users/alex/dev/keck-forms/src/KeckForm.ts">
        <metrics statements="79" coveredstatements="79" conditionals="43" coveredconditionals="43" methods="25" coveredmethods="25"/>
        <line num="55" count="14" type="stmt"/>
        <line num="68" count="96" type="stmt"/>
        <line num="69" count="96" type="stmt"/>
        <line num="70" count="96" type="stmt"/>
        <line num="71" count="96" type="stmt"/>
        <line num="72" count="96" type="stmt"/>
        <line num="73" count="96" type="stmt"/>
        <line num="74" count="96" type="stmt"/>
        <line num="85" count="96" type="stmt"/>
        <line num="86" count="96" type="cond" truecount="2" falsecount="0"/>
        <line num="87" count="96" type="stmt"/>
        <line num="88" count="96" type="stmt"/>
        <line num="89" count="96" type="stmt"/>
        <line num="90" count="96" type="stmt"/>
        <line num="98" count="96" type="stmt"/>
        <line num="101" count="80" type="stmt"/>
        <line num="104" count="96" type="stmt"/>
        <line num="105" count="96" type="stmt"/>
        <line num="106" count="96" type="stmt"/>
        <line num="107" count="96" type="stmt"/>
        <line num="109" count="96" type="stmt"/>
        <line num="113" count="18" type="cond" truecount="2" falsecount="0"/>
        <line num="114" count="18" type="cond" truecount="2" falsecount="0"/>
        <line num="115" count="18" type="cond" truecount="2" falsecount="0"/>
        <line num="116" count="18" type="cond" truecount="2" falsecount="0"/>
        <line num="120" count="2" type="stmt"/>
        <line num="124" count="6" type="stmt"/>
        <line num="128" count="1" type="stmt"/>
        <line num="132" count="186" type="stmt"/>
        <line num="133" count="186" type="stmt"/>
        <line num="134" count="186" type="stmt"/>
        <line num="135" count="186" type="cond" truecount="2" falsecount="0"/>
        <line num="137" count="49" type="cond" truecount="4" falsecount="0"/>
        <line num="138" count="1" type="stmt"/>
        <line num="139" count="1" type="stmt"/>
        <line num="141" count="48" type="stmt"/>
        <line num="142" count="48" type="cond" truecount="2" falsecount="0"/>
        <line num="143" count="2" type="cond" truecount="2" falsecount="0"/>
        <line num="144" count="1" type="stmt"/>
        <line num="147" count="186" type="stmt"/>
        <line num="148" count="186" type="stmt"/>
        <line num="153" count="28" type="stmt"/>
        <line num="157" count="3" type="stmt"/>
        <line num="161" count="27" type="stmt"/>
        <line num="165" count="4" type="stmt"/>
        <line num="169" count="1" type="stmt"/>
        <line num="173" count="1" type="stmt"/>
        <line num="183" count="4" type="stmt"/>
        <line num="184" count="4" type="cond" truecount="4" falsecount="0"/>
        <line num="185" count="2" type="stmt"/>
        <line num="186" count="4" type="cond" truecount="4" falsecount="0"/>
        <line num="187" count="4" type="cond" truecount="4" falsecount="0"/>
        <line num="188" count="2" type="stmt"/>
        <line num="189" count="2" type="stmt"/>
        <line num="214" count="418" type="stmt"/>
        <line num="215" count="418" type="stmt"/>
        <line num="218" count="418" type="cond" truecount="2" falsecount="0"/>
        <line num="219" count="345" type="cond" truecount="4" falsecount="0"/>
        <line num="220" count="130" type="stmt"/>
        <line num="221" count="215" type="stmt"/>
        <line num="227" count="10" type="stmt"/>
        <line num="229" count="10" type="stmt"/>
        <line num="230" count="10" type="stmt"/>
        <line num="231" count="10" type="stmt"/>
        <line num="232" count="10" type="stmt"/>
        <line num="233" count="10" type="cond" truecount="4" falsecount="0"/>
        <line num="234" count="8" type="stmt"/>
        <line num="235" count="8" type="stmt"/>
        <line num="237" count="2" type="stmt"/>
        <line num="240" count="1" type="stmt"/>
        <line num="242" count="10" type="stmt"/>
        <line num="253" count="10" type="stmt"/>
        <line num="254" count="10" type="stmt"/>
        <line num="255" count="10" type="stmt"/>
        <line num="259" count="2" type="stmt"/>
        <line num="263" count="10" type="stmt"/>
        <line num="267" count="2" type="stmt"/>
        <line num="271" count="1" type="stmt"/>
        <line num="275" count="14" type="stmt"/>
      </file>
      <file name="useForm.tsx" path="/Users/alex/dev/keck-forms/src/useForm.tsx">
        <metrics statements="17" coveredstatements="17" conditionals="20" coveredconditionals="20" methods="3" coveredmethods="3"/>
        <line num="38" count="14" type="stmt"/>
        <line num="40" count="14" type="cond" truecount="4" falsecount="0"/>
        <line num="44" count="14" type="stmt"/>
        <line num="46" count="14" type="stmt"/>
        <line num="48" count="14" type="cond" truecount="4" falsecount="0"/>
        <line num="53" count="14" type="cond" truecount="2" falsecount="0"/>
        <line num="54" count="2" type="stmt"/>
        <line num="58" count="14" type="stmt"/>
        <line num="59" count="14" type="cond" truecount="2" falsecount="0"/>
        <line num="64" count="14" type="cond" truecount="4" falsecount="0"/>
        <line num="65" count="12" type="stmt"/>
        <line num="72" count="12" type="stmt"/>
        <line num="77" count="12" type="stmt"/>
        <line num="80" count="2" type="stmt"/>
        <line num="85" count="14" type="stmt"/>
        <line num="86" count="14" type="stmt"/>
        <line num="93" count="14" type="stmt"/>
      </file>
      <file name="useFormContext.ts" path="/Users/alex/dev/keck-forms/src/useFormContext.ts">
        <metrics statements="7" coveredstatements="7" conditionals="5" coveredconditionals="5" methods="1" coveredmethods="1"/>
        <line num="6" count="1" type="stmt"/>
        <line num="22" count="20" type="stmt"/>
        <line num="23" count="20" type="cond" truecount="2" falsecount="0"/>
        <line num="24" count="18" type="cond" truecount="2" falsecount="0"/>
        <line num="25" count="4" type="stmt"/>
        <line num="26" count="14" type="stmt"/>
        <line num="34" count="2" type="stmt"/>
      </file>
      <file name="zodValidator.ts" path="/Users/alex/dev/keck-forms/src/zodValidator.ts">
        <metrics statements="8" coveredstatements="8" conditionals="2" coveredconditionals="2" methods="2" coveredmethods="2"/>
        <line num="5" count="6" type="stmt"/>
        <line num="8" count="14" type="stmt"/>
        <line num="9" count="36" type="stmt"/>
        <line num="10" count="36" type="cond" truecount="2" falsecount="0"/>
        <line num="12" count="18" type="stmt"/>
        <line num="13" count="28" type="stmt"/>
        <line num="14" count="28" type="stmt"/>
        <line num="17" count="18" type="stmt"/>
      </file>
    </package>
    <package name="src.util">
      <metrics statements="1" coveredstatements="1" conditionals="2" coveredconditionals="2" methods="1" coveredmethods="1"/>
      <file name="get.ts" path="/Users/alex/dev/keck-forms/src/util/get.ts">
        <metrics statements="1" coveredstatements="1" conditionals="2" coveredconditionals="2" methods="1" coveredmethods="1"/>
        <line num="4" count="887" type="cond" truecount="2" falsecount="0"/>
      </file>
    </package>
  </project>
</coverage>
