<?xml version="1.0" encoding="UTF-8"?>
<coverage generated="1783458165359" clover="3.2.0">
  <project timestamp="1783458165359" name="All files">
    <metrics statements="232" coveredstatements="232" conditionals="140" coveredconditionals="139" methods="88" coveredmethods="88" elements="460" coveredelements="459" complexity="0" loc="232" ncloc="232" packages="2" files="11" classes="11"/>
    <package name="src">
      <metrics statements="227" coveredstatements="227" conditionals="136" coveredconditionals="135" methods="85" coveredmethods="85"/>
      <file name="FormProvider.tsx" path="/Users/alex/dev/keck-forms/src/FormProvider.tsx">
        <metrics statements="1" coveredstatements="1" conditionals="0" coveredconditionals="0" methods="1" coveredmethods="1"/>
        <line num="22" count="4" type="stmt"/>
      </file>
      <file name="KeckField.ts" path="/Users/alex/dev/keck-forms/src/KeckField.ts">
        <metrics statements="46" coveredstatements="46" conditionals="28" coveredconditionals="28" methods="19" coveredmethods="19"/>
        <line num="35" count="441" type="stmt"/>
        <line num="36" count="441" type="stmt"/>
        <line num="40" count="122" type="stmt"/>
        <line num="47" count="48" type="stmt"/>
        <line num="48" count="48" type="cond" truecount="2" falsecount="0"/>
        <line num="49" count="46" type="stmt"/>
        <line num="51" count="2" type="stmt"/>
        <line num="58" count="15" type="stmt"/>
        <line num="59" count="17" type="stmt"/>
        <line num="60" count="17" type="stmt"/>
        <line num="65" count="125" type="stmt"/>
        <line num="66" count="131" type="cond" truecount="2" falsecount="0"/>
        <line num="69" count="79" type="stmt"/>
        <line num="70" count="79" type="stmt"/>
        <line num="71" count="142" type="stmt"/>
        <line num="73" count="142" type="cond" truecount="2" falsecount="0"/>
        <line num="76" count="61" type="stmt"/>
        <line num="87" count="45" type="stmt"/>
        <line num="88" count="45" type="cond" truecount="2" falsecount="0"/>
        <line num="89" count="37" type="cond" truecount="2" falsecount="0"/>
        <line num="90" count="34" type="stmt"/>
        <line num="91" count="34" type="stmt"/>
        <line num="92" count="3" type="stmt"/>
        <line num="93" count="8" type="cond" truecount="2" falsecount="0"/>
        <line num="94" count="6" type="stmt"/>
        <line num="95" count="6" type="stmt"/>
        <line num="97" count="6" type="stmt"/>
        <line num="98" count="11" type="stmt"/>
        <line num="99" count="11" type="stmt"/>
        <line num="100" count="11" type="cond" truecount="2" falsecount="0"/>
        <line num="104" count="7" type="stmt"/>
        <line num="106" count="4" type="stmt"/>
        <line num="110" count="6" type="cond" truecount="4" falsecount="0"/>
        <line num="111" count="2" type="stmt"/>
        <line num="114" count="2" type="stmt"/>
        <line num="120" count="17" type="cond" truecount="2" falsecount="0"/>
        <line num="124" count="5" type="stmt"/>
        <line num="126" count="7" type="cond" truecount="2" falsecount="0"/>
        <line num="129" count="2" type="stmt"/>
        <line num="134" count="40" type="stmt"/>
        <line num="138" count="3" type="stmt"/>
        <line num="139" count="3" type="stmt"/>
        <line num="140" count="3" type="cond" truecount="2" falsecount="0"/>
        <line num="141" count="2" type="stmt"/>
        <line num="143" count="1" type="stmt"/>
        <line num="145" count="3" type="stmt"/>
      </file>
      <file name="KeckFieldArray.ts" path="/Users/alex/dev/keck-forms/src/KeckFieldArray.ts">
        <metrics statements="54" coveredstatements="54" conditionals="21" coveredconditionals="21" methods="26" coveredmethods="26"/>
        <line num="23" count="6" type="stmt"/>
        <line num="40" count="3" type="stmt"/>
        <line num="41" count="6" type="stmt"/>
        <line num="45" count="3" type="stmt"/>
        <line num="47" count="5" type="stmt"/>
        <line num="48" count="9" type="cond" truecount="3" falsecount="0"/>
        <line num="50" count="5" type="stmt"/>
        <line num="52" count="2" type="stmt"/>
        <line num="58" count="20" type="stmt"/>
        <line num="59" count="20" type="cond" truecount="4" falsecount="0"/>
        <line num="60" count="11" type="stmt"/>
        <line num="61" count="11" type="cond" truecount="2" falsecount="0"/>
        <line num="66" count="14" type="stmt"/>
        <line num="67" count="14" type="stmt"/>
        <line num="68" count="14" type="stmt"/>
        <line num="69" count="14" type="cond" truecount="2" falsecount="0"/>
        <line num="73" count="9" type="stmt"/>
        <line num="75" count="5" type="stmt"/>
        <line num="77" count="9" type="stmt"/>
        <line num="79" count="14" type="cond" truecount="2" falsecount="0"/>
        <line num="80" count="9" type="stmt"/>
        <line num="85" count="3" type="stmt"/>
        <line num="86" count="3" type="stmt"/>
        <line num="92" count="3" type="stmt"/>
        <line num="93" count="3" type="stmt"/>
        <line num="94" count="3" type="stmt"/>
        <line num="95" count="3" type="stmt"/>
        <line num="96" count="3" type="stmt"/>
        <line num="101" count="6" type="stmt"/>
        <line num="102" count="6" type="stmt"/>
        <line num="103" count="6" type="stmt"/>
        <line num="104" count="6" type="stmt"/>
        <line num="109" count="2" type="stmt"/>
        <line num="110" count="2" type="stmt"/>
        <line num="111" count="2" type="stmt"/>
        <line num="112" count="2" type="stmt"/>
        <line num="113" count="2" type="stmt"/>
        <line num="118" count="2" type="stmt"/>
        <line num="119" count="2" type="stmt"/>
        <line num="120" count="2" type="stmt"/>
        <line num="125" count="2" type="stmt"/>
        <line num="126" count="2" type="stmt"/>
        <line num="127" count="2" type="stmt"/>
        <line num="128" count="2" type="stmt"/>
        <line num="129" count="2" type="cond" truecount="2" falsecount="0"/>
        <line num="130" count="1" type="stmt"/>
        <line num="136" count="2" type="stmt"/>
        <line num="137" count="2" type="stmt"/>
        <line num="138" count="2" type="stmt"/>
        <line num="143" count="3" type="stmt"/>
        <line num="144" count="3" type="stmt"/>
        <line num="145" count="3" type="stmt"/>
        <line num="146" count="3" type="cond" truecount="2" falsecount="0"/>
        <line num="147" count="3" type="stmt"/>
      </file>
      <file name="KeckFieldObject.ts" path="/Users/alex/dev/keck-forms/src/KeckFieldObject.ts">
        <metrics statements="6" coveredstatements="6" conditionals="3" coveredconditionals="3" methods="6" coveredmethods="6"/>
        <line num="20" count="10" type="stmt"/>
        <line num="24" count="40" type="stmt"/>
        <line num="26" count="42" type="stmt"/>
        <line num="27" count="37" type="cond" truecount="3" falsecount="0"/>
        <line num="29" count="42" type="stmt"/>
        <line num="31" count="2" type="stmt"/>
      </file>
      <file name="KeckForm.internalFields.ts" path="/Users/alex/dev/keck-forms/src/KeckForm.internalFields.ts">
        <metrics statements="3" coveredstatements="3" conditionals="0" coveredconditionals="0" methods="0" coveredmethods="0"/>
        <line num="1" count="17" type="stmt"/>
        <line num="2" count="17" type="stmt"/>
        <line num="3" count="17" type="stmt"/>
      </file>
      <file name="KeckForm.ts" path="/Users/alex/dev/keck-forms/src/KeckForm.ts">
        <metrics statements="83" coveredstatements="83" conditionals="49" coveredconditionals="49" methods="26" coveredmethods="26"/>
        <line num="70" count="125" type="cond" truecount="2" falsecount="0"/>
        <line num="71" count="11" type="cond" truecount="2" falsecount="0"/>
        <line num="72" count="11" type="stmt"/>
        <line num="73" count="6" type="stmt"/>
        <line num="76" count="17" type="stmt"/>
        <line num="89" count="108" type="stmt"/>
        <line num="90" count="108" type="stmt"/>
        <line num="91" count="108" type="stmt"/>
        <line num="92" count="108" type="stmt"/>
        <line num="93" count="108" type="stmt"/>
        <line num="94" count="108" type="stmt"/>
        <line num="95" count="108" type="stmt"/>
        <line num="106" count="108" type="stmt"/>
        <line num="107" count="108" type="cond" truecount="2" falsecount="0"/>
        <line num="108" count="108" type="stmt"/>
        <line num="109" count="108" type="stmt"/>
        <line num="110" count="108" type="stmt"/>
        <line num="111" count="108" type="stmt"/>
        <line num="119" count="108" type="stmt"/>
        <line num="122" count="85" type="stmt"/>
        <line num="125" count="108" type="stmt"/>
        <line num="126" count="108" type="stmt"/>
        <line num="127" count="108" type="stmt"/>
        <line num="128" count="108" type="stmt"/>
        <line num="130" count="108" type="stmt"/>
        <line num="134" count="20" type="cond" truecount="2" falsecount="0"/>
        <line num="135" count="20" type="cond" truecount="2" falsecount="0"/>
        <line num="136" count="20" type="cond" truecount="4" falsecount="0"/>
        <line num="137" count="20" type="cond" truecount="2" falsecount="0"/>
        <line num="141" count="5" type="stmt"/>
        <line num="145" count="7" type="stmt"/>
        <line num="149" count="2" type="stmt"/>
        <line num="153" count="208" type="stmt"/>
        <line num="154" count="208" type="stmt"/>
        <line num="155" count="208" type="stmt"/>
        <line num="156" count="208" type="cond" truecount="2" falsecount="0"/>
        <line num="158" count="51" type="cond" truecount="4" falsecount="0"/>
        <line num="159" count="1" type="stmt"/>
        <line num="160" count="1" type="stmt"/>
        <line num="162" count="50" type="stmt"/>
        <line num="163" count="50" type="cond" truecount="2" falsecount="0"/>
        <line num="164" count="2" type="cond" truecount="2" falsecount="0"/>
        <line num="165" count="1" type="stmt"/>
        <line num="168" count="208" type="stmt"/>
        <line num="169" count="208" type="stmt"/>
        <line num="174" count="36" type="stmt"/>
        <line num="178" count="3" type="stmt"/>
        <line num="182" count="27" type="stmt"/>
        <line num="186" count="4" type="stmt"/>
        <line num="190" count="1" type="stmt"/>
        <line num="194" count="1" type="stmt"/>
        <line num="204" count="4" type="stmt"/>
        <line num="205" count="4" type="cond" truecount="4" falsecount="0"/>
        <line num="206" count="4" type="cond" truecount="4" falsecount="0"/>
        <line num="207" count="4" type="cond" truecount="4" falsecount="0"/>
        <line num="208" count="2" type="stmt"/>
        <line num="209" count="2" type="stmt"/>
        <line num="234" count="441" type="stmt"/>
        <line num="235" count="441" type="stmt"/>
        <line num="238" count="441" type="cond" truecount="2" falsecount="0"/>
        <line num="239" count="364" type="cond" truecount="4" falsecount="0"/>
        <line num="240" count="142" type="stmt"/>
        <line num="241" count="222" type="stmt"/>
        <line num="247" count="13" type="stmt"/>
        <line num="249" count="13" type="stmt"/>
        <line num="250" count="13" type="stmt"/>
        <line num="251" count="13" type="stmt"/>
        <line num="252" count="13" type="stmt"/>
        <line num="253" count="13" type="cond" truecount="4" falsecount="0"/>
        <line num="254" count="11" type="stmt"/>
        <line num="255" count="11" type="stmt"/>
        <line num="257" count="2" type="stmt"/>
        <line num="260" count="2" type="stmt"/>
        <line num="263" count="2" type="stmt"/>
        <line num="265" count="13" type="stmt"/>
        <line num="276" count="13" type="stmt"/>
        <line num="277" count="13" type="stmt"/>
        <line num="278" count="13" type="stmt"/>
        <line num="282" count="2" type="stmt"/>
        <line num="286" count="10" type="stmt"/>
        <line num="290" count="2" type="stmt"/>
        <line num="294" count="2" type="stmt"/>
        <line num="298" count="17" type="stmt"/>
      </file>
      <file name="standardSchemaValidator.ts" path="/Users/alex/dev/keck-forms/src/standardSchemaValidator.ts">
        <metrics statements="11" coveredstatements="11" conditionals="10" coveredconditionals="9" methods="3" coveredmethods="3"/>
        <line num="16" count="17" type="stmt"/>
        <line num="22" count="27" type="stmt"/>
        <line num="23" count="52" type="stmt"/>
        <line num="24" count="52" type="cond" truecount="2" falsecount="0"/>
        <line num="25" count="1" type="stmt"/>
        <line num="29" count="51" type="cond" truecount="2" falsecount="0"/>
        <line num="31" count="22" type="stmt"/>
        <line num="32" count="33" type="cond" truecount="1" falsecount="1"/>
        <line num="34" count="56" type="cond" truecount="4" falsecount="0"/>
        <line num="37" count="33" type="stmt"/>
        <line num="40" count="22" type="stmt"/>
      </file>
      <file name="useForm.tsx" path="/Users/alex/dev/keck-forms/src/useForm.tsx">
        <metrics statements="16" coveredstatements="16" conditionals="20" coveredconditionals="20" methods="3" coveredmethods="3"/>
        <line num="106" count="16" type="stmt"/>
        <line num="108" count="16" type="cond" truecount="4" falsecount="0"/>
        <line num="112" count="16" type="stmt"/>
        <line num="114" count="16" type="stmt"/>
        <line num="116" count="16" type="cond" truecount="4" falsecount="0"/>
        <line num="121" count="16" type="cond" truecount="2" falsecount="0"/>
        <line num="122" count="2" type="stmt"/>
        <line num="126" count="16" type="stmt"/>
        <line num="127" count="16" type="cond" truecount="2" falsecount="0"/>
        <line num="132" count="16" type="cond" truecount="4" falsecount="0"/>
        <line num="133" count="14" type="stmt"/>
        <line num="141" count="14" type="stmt"/>
        <line num="143" count="2" type="stmt"/>
        <line num="147" count="16" type="stmt"/>
        <line num="148" count="16" type="stmt"/>
        <line num="156" count="16" type="stmt"/>
      </file>
      <file name="useFormContext.ts" path="/Users/alex/dev/keck-forms/src/useFormContext.ts">
        <metrics statements="7" coveredstatements="7" conditionals="5" coveredconditionals="5" methods="1" coveredmethods="1"/>
        <line num="6" count="3" type="stmt"/>
        <line num="22" count="25" type="stmt"/>
        <line num="23" count="25" type="cond" truecount="2" falsecount="0"/>
        <line num="24" count="20" type="cond" truecount="2" falsecount="0"/>
        <line num="25" count="4" type="stmt"/>
        <line num="26" count="16" type="stmt"/>
        <line num="34" count="5" type="stmt"/>
      </file>
    </package>
    <package name="src.util">
      <metrics statements="5" coveredstatements="5" conditionals="4" coveredconditionals="4" methods="3" coveredmethods="3"/>
      <file name="cloneValues.ts" path="/Users/alex/dev/keck-forms/src/util/cloneValues.ts">
        <metrics statements="4" coveredstatements="4" conditionals="2" coveredconditionals="2" methods="2" coveredmethods="2"/>
        <line num="21" count="321" type="stmt"/>
        <line num="22" count="1844" type="cond" truecount="2" falsecount="0"/>
        <line num="23" count="3" type="stmt"/>
        <line num="30" count="1841" type="stmt"/>
      </file>
      <file name="get.ts" path="/Users/alex/dev/keck-forms/src/util/get.ts">
        <metrics statements="1" coveredstatements="1" conditionals="2" coveredconditionals="2" methods="1" coveredmethods="1"/>
        <line num="4" count="918" type="cond" truecount="2" falsecount="0"/>
      </file>
    </package>
  </project>
</coverage>
