{"/Users/alex/dev/keck-forms/src/KeckField.ts": {"path":"/Users/alex/dev/keck-forms/src/KeckField.ts","statementMap":{"0":{"start":{"line":31,"column":20},"end":{"line":31,"column":55}},"1":{"start":{"line":32,"column":23},"end":{"line":32,"column":68}},"2":{"start":{"line":33,"column":20},"end":{"line":33,"column":37}},"3":{"start":{"line":37,"column":4},"end":{"line":37,"column":56}},"4":{"start":{"line":41,"column":4},"end":{"line":44,"column":7}},"5":{"start":{"line":42,"column":6},"end":{"line":42,"column":58}},"6":{"start":{"line":43,"column":6},"end":{"line":43,"column":27}},"7":{"start":{"line":49,"column":4},"end":{"line":52,"column":7}},"8":{"start":{"line":50,"column":27},"end":{"line":50,"column":65}},"9":{"start":{"line":51,"column":6},"end":{"line":51,"column":64}},"10":{"start":{"line":56,"column":4},"end":{"line":68,"column":7}},"11":{"start":{"line":57,"column":6},"end":{"line":57,"column":62}},"12":{"start":{"line":57,"column":50},"end":{"line":57,"column":62}},"13":{"start":{"line":60,"column":19},"end":{"line":60,"column":39}},"14":{"start":{"line":61,"column":6},"end":{"line":65,"column":7}},"15":{"start":{"line":61,"column":19},"end":{"line":61,"column":34}},"16":{"start":{"line":62,"column":8},"end":{"line":62,"column":19}},"17":{"start":{"line":64,"column":8},"end":{"line":64,"column":78}},"18":{"start":{"line":64,"column":66},"end":{"line":64,"column":78}},"19":{"start":{"line":67,"column":6},"end":{"line":67,"column":19}},"20":{"start":{"line":78,"column":4},"end":{"line":107,"column":7}},"21":{"start":{"line":79,"column":6},"end":{"line":106,"column":7}},"22":{"start":{"line":80,"column":8},"end":{"line":83,"column":45}},"23":{"start":{"line":81,"column":10},"end":{"line":81,"column":40}},"24":{"start":{"line":82,"column":10},"end":{"line":82,"column":55}},"25":{"start":{"line":83,"column":15},"end":{"line":83,"column":45}},"26":{"start":{"line":84,"column":13},"end":{"line":106,"column":7}},"27":{"start":{"line":85,"column":21},"end":{"line":85,"column":41}},"28":{"start":{"line":86,"column":8},"end":{"line":86,"column":44}},"29":{"start":{"line":88,"column":8},"end":{"line":99,"column":9}},"30":{"start":{"line":89,"column":10},"end":{"line":89,"column":21}},"31":{"start":{"line":90,"column":28},"end":{"line":90,"column":61}},"32":{"start":{"line":91,"column":10},"end":{"line":98,"column":11}},"33":{"start":{"line":93,"column":64},"end":{"line":93,"column":74}},"34":{"start":{"line":95,"column":12},"end":{"line":95,"column":48}},"35":{"start":{"line":97,"column":12},"end":{"line":97,"column":18}},"36":{"start":{"line":101,"column":8},"end":{"line":103,"column":9}},"37":{"start":{"line":102,"column":10},"end":{"line":102,"column":41}},"38":{"start":{"line":105,"column":8},"end":{"line":105,"column":39}},"39":{"start":{"line":111,"column":4},"end":{"line":111,"column":94}},"40":{"start":{"line":111,"column":25},"end":{"line":111,"column":76}},"41":{"start":{"line":115,"column":4},"end":{"line":115,"column":50}},"42":{"start":{"line":115,"column":24},"end":{"line":115,"column":48}}},"fnMap":{"0":{"name":"(anonymous_0)","decl":{"start":{"line":30,"column":2},"end":{"line":30,"column":null}},"loc":{"start":{"line":33,"column":37},"end":{"line":34,"column":6}}},"1":{"name":"(anonymous_1)","decl":{"start":{"line":36,"column":2},"end":{"line":36,"column":6}},"loc":{"start":{"line":36,"column":11},"end":{"line":38,"column":3}}},"2":{"name":"(anonymous_2)","decl":{"start":{"line":40,"column":2},"end":{"line":40,"column":6}},"loc":{"start":{"line":40,"column":55},"end":{"line":45,"column":3}}},"3":{"name":"(anonymous_3)","decl":{"start":{"line":41,"column":11},"end":{"line":41,"column":14}},"loc":{"start":{"line":41,"column":16},"end":{"line":44,"column":5}}},"4":{"name":"(anonymous_4)","decl":{"start":{"line":47,"column":2},"end":{"line":47,"column":6}},"loc":{"start":{"line":47,"column":11},"end":{"line":53,"column":3}}},"5":{"name":"(anonymous_5)","decl":{"start":{"line":49,"column":18},"end":{"line":49,"column":21}},"loc":{"start":{"line":49,"column":23},"end":{"line":52,"column":5}}},"6":{"name":"(anonymous_6)","decl":{"start":{"line":55,"column":2},"end":{"line":55,"column":6}},"loc":{"start":{"line":55,"column":13},"end":{"line":69,"column":3}}},"7":{"name":"(anonymous_7)","decl":{"start":{"line":56,"column":18},"end":{"line":56,"column":21}},"loc":{"start":{"line":56,"column":23},"end":{"line":68,"column":5}}},"8":{"name":"(anonymous_8)","decl":{"start":{"line":71,"column":2},"end":{"line":71,"column":6}},"loc":{"start":{"line":71,"column":28},"end":{"line":108,"column":3}}},"9":{"name":"(anonymous_9)","decl":{"start":{"line":78,"column":11},"end":{"line":78,"column":14}},"loc":{"start":{"line":78,"column":16},"end":{"line":107,"column":5}}},"10":{"name":"(anonymous_10)","decl":{"start":{"line":93,"column":57},"end":{"line":93,"column":58}},"loc":{"start":{"line":93,"column":64},"end":{"line":93,"column":74}}},"11":{"name":"(anonymous_11)","decl":{"start":{"line":110,"column":2},"end":{"line":110,"column":6}},"loc":{"start":{"line":110,"column":12},"end":{"line":112,"column":3}}},"12":{"name":"(anonymous_12)","decl":{"start":{"line":111,"column":18},"end":{"line":111,"column":21}},"loc":{"start":{"line":111,"column":25},"end":{"line":111,"column":76}}},"13":{"name":"(anonymous_13)","decl":{"start":{"line":114,"column":2},"end":{"line":114,"column":6}},"loc":{"start":{"line":114,"column":13},"end":{"line":116,"column":3}}},"14":{"name":"(anonymous_14)","decl":{"start":{"line":115,"column":18},"end":{"line":115,"column":21}},"loc":{"start":{"line":115,"column":24},"end":{"line":115,"column":48}}}},"branchMap":{"0":{"loc":{"start":{"line":57,"column":6},"end":{"line":57,"column":62}},"type":"if","locations":[{"start":{"line":57,"column":6},"end":{"line":57,"column":62}}]},"1":{"loc":{"start":{"line":64,"column":8},"end":{"line":64,"column":78}},"type":"if","locations":[{"start":{"line":64,"column":8},"end":{"line":64,"column":78}}]},"2":{"loc":{"start":{"line":79,"column":6},"end":{"line":106,"column":7}},"type":"if","locations":[{"start":{"line":79,"column":6},"end":{"line":106,"column":7}},{"start":{"line":84,"column":13},"end":{"line":106,"column":7}}]},"3":{"loc":{"start":{"line":80,"column":8},"end":{"line":83,"column":45}},"type":"if","locations":[{"start":{"line":80,"column":8},"end":{"line":83,"column":45}},{"start":{"line":83,"column":15},"end":{"line":83,"column":45}}]},"4":{"loc":{"start":{"line":84,"column":13},"end":{"line":106,"column":7}},"type":"if","locations":[{"start":{"line":84,"column":13},"end":{"line":106,"column":7}},{"start":{"line":104,"column":13},"end":{"line":106,"column":7}}]},"5":{"loc":{"start":{"line":91,"column":10},"end":{"line":98,"column":11}},"type":"if","locations":[{"start":{"line":91,"column":10},"end":{"line":98,"column":11}},{"start":{"line":96,"column":17},"end":{"line":98,"column":11}}]},"6":{"loc":{"start":{"line":92,"column":12},"end":{"line":93,"column":76}},"type":"binary-expr","locations":[{"start":{"line":92,"column":12},"end":{"line":92,"column":30}},{"start":{"line":93,"column":13},"end":{"line":93,"column":37}},{"start":{"line":93,"column":41},"end":{"line":93,"column":75}}]},"7":{"loc":{"start":{"line":101,"column":8},"end":{"line":103,"column":9}},"type":"if","locations":[{"start":{"line":101,"column":8},"end":{"line":103,"column":9}}]},"8":{"loc":{"start":{"line":111,"column":25},"end":{"line":111,"column":76}},"type":"binary-expr","locations":[{"start":{"line":111,"column":25},"end":{"line":111,"column":70}},{"start":{"line":111,"column":74},"end":{"line":111,"column":76}}]}},"s":{"0":211,"1":211,"2":211,"3":69,"4":25,"5":25,"6":25,"7":13,"8":27,"9":27,"10":82,"11":119,"12":38,"13":81,"14":81,"15":81,"16":147,"17":147,"18":13,"19":68,"20":19,"21":19,"22":16,"23":15,"24":15,"25":1,"26":3,"27":2,"28":2,"29":2,"30":5,"31":5,"32":5,"33":1,"34":4,"35":1,"36":2,"37":1,"38":1,"39":10,"40":12,"41":12,"42":25},"f":{"0":211,"1":69,"2":25,"3":25,"4":13,"5":27,"6":82,"7":119,"8":19,"9":19,"10":1,"11":10,"12":12,"13":12,"14":25},"b":{"0":[38],"1":[13],"2":[16,3],"3":[15,1],"4":[2,1],"5":[4,1],"6":[5,2,2],"7":[1],"8":[12,3]}}
,"/Users/alex/dev/keck-forms/src/KeckFieldArray.ts": {"path":"/Users/alex/dev/keck-forms/src/KeckFieldArray.ts","statementMap":{"0":{"start":{"line":23,"column":4},"end":{"line":23,"column":14}},"1":{"start":{"line":27,"column":4},"end":{"line":31,"column":23}},"2":{"start":{"line":28,"column":6},"end":{"line":30,"column":39}},"3":{"start":{"line":29,"column":27},"end":{"line":29,"column":52}},"4":{"start":{"line":30,"column":32},"end":{"line":30,"column":37}}},"fnMap":{"0":{"name":"(anonymous_0)","decl":{"start":{"line":12,"column":2},"end":{"line":12,"column":5}},"loc":{"start":{"line":21,"column":16},"end":{"line":24,"column":3}}},"1":{"name":"(anonymous_1)","decl":{"start":{"line":26,"column":2},"end":{"line":26,"column":6}},"loc":{"start":{"line":26,"column":12},"end":{"line":32,"column":3}}},"2":{"name":"(anonymous_2)","decl":{"start":{"line":27,"column":18},"end":{"line":27,"column":21}},"loc":{"start":{"line":27,"column":23},"end":{"line":31,"column":5}}},"3":{"name":"(anonymous_3)","decl":{"start":{"line":29,"column":16},"end":{"line":29,"column":17}},"loc":{"start":{"line":29,"column":27},"end":{"line":29,"column":52}}},"4":{"name":"(anonymous_4)","decl":{"start":{"line":30,"column":17},"end":{"line":30,"column":18}},"loc":{"start":{"line":30,"column":32},"end":{"line":30,"column":37}}}},"branchMap":{},"s":{"0":0,"1":3,"2":3,"3":8,"4":5},"f":{"0":0,"1":3,"2":3,"3":8,"4":5},"b":{}}
,"/Users/alex/dev/keck-forms/src/KeckFieldObject.ts": {"path":"/Users/alex/dev/keck-forms/src/KeckFieldObject.ts","statementMap":{"0":{"start":{"line":17,"column":4},"end":{"line":17,"column":66}},"1":{"start":{"line":21,"column":4},"end":{"line":25,"column":23}},"2":{"start":{"line":22,"column":6},"end":{"line":24,"column":39}},"3":{"start":{"line":23,"column":27},"end":{"line":23,"column":52}},"4":{"start":{"line":24,"column":32},"end":{"line":24,"column":37}}},"fnMap":{"0":{"name":"(anonymous_0)","decl":{"start":{"line":9,"column":2},"end":{"line":9,"column":7}},"loc":{"start":{"line":10,"column":16},"end":{"line":18,"column":3}}},"1":{"name":"(anonymous_1)","decl":{"start":{"line":20,"column":2},"end":{"line":20,"column":6}},"loc":{"start":{"line":20,"column":12},"end":{"line":26,"column":3}}},"2":{"name":"(anonymous_2)","decl":{"start":{"line":21,"column":18},"end":{"line":21,"column":21}},"loc":{"start":{"line":21,"column":23},"end":{"line":25,"column":5}}},"3":{"name":"(anonymous_3)","decl":{"start":{"line":23,"column":16},"end":{"line":23,"column":17}},"loc":{"start":{"line":23,"column":27},"end":{"line":23,"column":52}}},"4":{"name":"(anonymous_4)","decl":{"start":{"line":24,"column":17},"end":{"line":24,"column":18}},"loc":{"start":{"line":24,"column":32},"end":{"line":24,"column":37}}}},"branchMap":{},"s":{"0":7,"1":23,"2":23,"3":29,"4":27},"f":{"0":7,"1":23,"2":23,"3":29,"4":27},"b":{}}
,"/Users/alex/dev/keck-forms/src/KeckForm.ts": {"path":"/Users/alex/dev/keck-forms/src/KeckForm.ts","statementMap":{"0":{"start":{"line":60,"column":21},"end":{"line":60,"column":36}},"1":{"start":{"line":80,"column":4},"end":{"line":80,"column":38}},"2":{"start":{"line":81,"column":4},"end":{"line":81,"column":37}},"3":{"start":{"line":82,"column":4},"end":{"line":82,"column":51}},"4":{"start":{"line":84,"column":20},"end":{"line":84,"column":97}},"5":{"start":{"line":85,"column":4},"end":{"line":98,"column":5}},"6":{"start":{"line":86,"column":6},"end":{"line":86,"column":27}},"7":{"start":{"line":88,"column":6},"end":{"line":96,"column":9}},"8":{"start":{"line":97,"column":6},"end":{"line":97,"column":22}},"9":{"start":{"line":102,"column":4},"end":{"line":102,"column":31}},"10":{"start":{"line":106,"column":4},"end":{"line":106,"column":32}},"11":{"start":{"line":110,"column":4},"end":{"line":110,"column":30}},"12":{"start":{"line":114,"column":4},"end":{"line":114,"column":39}},"13":{"start":{"line":118,"column":4},"end":{"line":134,"column":7}},"14":{"start":{"line":119,"column":6},"end":{"line":119,"column":30}},"15":{"start":{"line":120,"column":6},"end":{"line":132,"column":8}},"16":{"start":{"line":123,"column":10},"end":{"line":126,"column":11}},"17":{"start":{"line":124,"column":12},"end":{"line":124,"column":45}},"18":{"start":{"line":125,"column":12},"end":{"line":125,"column":19}},"19":{"start":{"line":127,"column":10},"end":{"line":127,"column":43}},"20":{"start":{"line":128,"column":10},"end":{"line":130,"column":51}},"21":{"start":{"line":128,"column":33},"end":{"line":128,"column":71}},"22":{"start":{"line":129,"column":15},"end":{"line":130,"column":51}},"23":{"start":{"line":129,"column":41},"end":{"line":129,"column":82}},"24":{"start":{"line":130,"column":15},"end":{"line":130,"column":51}},"25":{"start":{"line":133,"column":6},"end":{"line":133,"column":40}},"26":{"start":{"line":138,"column":4},"end":{"line":138,"column":41}},"27":{"start":{"line":142,"column":4},"end":{"line":142,"column":39}},"28":{"start":{"line":146,"column":4},"end":{"line":146,"column":41}},"29":{"start":{"line":150,"column":4},"end":{"line":150,"column":44}},"30":{"start":{"line":154,"column":4},"end":{"line":154,"column":40}},"31":{"start":{"line":168,"column":4},"end":{"line":177,"column":7}},"32":{"start":{"line":169,"column":6},"end":{"line":170,"column":68}},"33":{"start":{"line":170,"column":8},"end":{"line":170,"column":68}},"34":{"start":{"line":171,"column":6},"end":{"line":171,"column":85}},"35":{"start":{"line":171,"column":58},"end":{"line":171,"column":85}},"36":{"start":{"line":172,"column":6},"end":{"line":175,"column":7}},"37":{"start":{"line":173,"column":8},"end":{"line":173,"column":36}},"38":{"start":{"line":174,"column":8},"end":{"line":174,"column":43}},"39":{"start":{"line":176,"column":6},"end":{"line":176,"column":22}},"40":{"start":{"line":198,"column":4},"end":{"line":207,"column":7}},"41":{"start":{"line":199,"column":20},"end":{"line":199,"column":49}},"42":{"start":{"line":202,"column":6},"end":{"line":203,"column":80}},"43":{"start":{"line":203,"column":8},"end":{"line":203,"column":80}},"44":{"start":{"line":204,"column":6},"end":{"line":205,"column":81}},"45":{"start":{"line":205,"column":8},"end":{"line":205,"column":81}},"46":{"start":{"line":206,"column":6},"end":{"line":206,"column":66}},"47":{"start":{"line":211,"column":4},"end":{"line":211,"column":23}},"48":{"start":{"line":212,"column":4},"end":{"line":212,"column":16}},"49":{"start":{"line":238,"column":4},"end":{"line":241,"column":7}},"50":{"start":{"line":252,"column":19},"end":{"line":252,"column":34}},"51":{"start":{"line":253,"column":4},"end":{"line":259,"column":5}},"52":{"start":{"line":254,"column":6},"end":{"line":254,"column":32}},"53":{"start":{"line":255,"column":6},"end":{"line":255,"column":30}},"54":{"start":{"line":257,"column":6},"end":{"line":257,"column":39}},"55":{"start":{"line":258,"column":6},"end":{"line":258,"column":31}},"56":{"start":{"line":263,"column":4},"end":{"line":263,"column":35}},"57":{"start":{"line":267,"column":4},"end":{"line":267,"column":42}}},"fnMap":{"0":{"name":"(anonymous_0)","decl":{"start":{"line":79,"column":2},"end":{"line":79,"column":14}},"loc":{"start":{"line":79,"column":63},"end":{"line":99,"column":3}}},"1":{"name":"(anonymous_1)","decl":{"start":{"line":101,"column":2},"end":{"line":101,"column":6}},"loc":{"start":{"line":101,"column":13},"end":{"line":103,"column":3}}},"2":{"name":"(anonymous_2)","decl":{"start":{"line":105,"column":2},"end":{"line":105,"column":6}},"loc":{"start":{"line":105,"column":31},"end":{"line":107,"column":3}}},"3":{"name":"(anonymous_3)","decl":{"start":{"line":109,"column":2},"end":{"line":109,"column":6}},"loc":{"start":{"line":109,"column":12},"end":{"line":111,"column":3}}},"4":{"name":"(anonymous_4)","decl":{"start":{"line":113,"column":2},"end":{"line":113,"column":6}},"loc":{"start":{"line":113,"column":11},"end":{"line":115,"column":3}}},"5":{"name":"(anonymous_5)","decl":{"start":{"line":117,"column":2},"end":{"line":117,"column":10}},"loc":{"start":{"line":117,"column":10},"end":{"line":135,"column":3}}},"6":{"name":"(anonymous_6)","decl":{"start":{"line":118,"column":18},"end":{"line":118,"column":21}},"loc":{"start":{"line":118,"column":23},"end":{"line":134,"column":5}}},"7":{"name":"(anonymous_7)","decl":{"start":{"line":122,"column":8},"end":{"line":122,"column":9}},"loc":{"start":{"line":122,"column":42},"end":{"line":131,"column":9}}},"8":{"name":"(anonymous_8)","decl":{"start":{"line":137,"column":2},"end":{"line":137,"column":6}},"loc":{"start":{"line":137,"column":13},"end":{"line":139,"column":3}}},"9":{"name":"(anonymous_9)","decl":{"start":{"line":141,"column":2},"end":{"line":141,"column":6}},"loc":{"start":{"line":141,"column":11},"end":{"line":143,"column":3}}},"10":{"name":"(anonymous_10)","decl":{"start":{"line":145,"column":2},"end":{"line":145,"column":6}},"loc":{"start":{"line":145,"column":13},"end":{"line":147,"column":3}}},"11":{"name":"(anonymous_11)","decl":{"start":{"line":149,"column":2},"end":{"line":149,"column":6}},"loc":{"start":{"line":149,"column":30},"end":{"line":151,"column":3}}},"12":{"name":"(anonymous_12)","decl":{"start":{"line":153,"column":2},"end":{"line":153,"column":6}},"loc":{"start":{"line":153,"column":12},"end":{"line":155,"column":3}}},"13":{"name":"(anonymous_13)","decl":{"start":{"line":163,"column":2},"end":{"line":163,"column":7}},"loc":{"start":{"line":167,"column":3},"end":{"line":178,"column":3}}},"14":{"name":"(anonymous_14)","decl":{"start":{"line":168,"column":11},"end":{"line":168,"column":14}},"loc":{"start":{"line":168,"column":16},"end":{"line":177,"column":5}}},"15":{"name":"(anonymous_15)","decl":{"start":{"line":197,"column":2},"end":{"line":197,"column":7}},"loc":{"start":{"line":197,"column":20},"end":{"line":208,"column":3}}},"16":{"name":"(anonymous_16)","decl":{"start":{"line":198,"column":16},"end":{"line":198,"column":19}},"loc":{"start":{"line":198,"column":21},"end":{"line":207,"column":5}}},"17":{"name":"(anonymous_17)","decl":{"start":{"line":210,"column":2},"end":{"line":210,"column":7}},"loc":{"start":{"line":210,"column":7},"end":{"line":213,"column":3}}},"18":{"name":"(anonymous_18)","decl":{"start":{"line":237,"column":2},"end":{"line":237,"column":9}},"loc":{"start":{"line":237,"column":30},"end":{"line":242,"column":3}}},"19":{"name":"(anonymous_19)","decl":{"start":{"line":251,"column":2},"end":{"line":251,"column":14}},"loc":{"start":{"line":251,"column":14},"end":{"line":260,"column":3}}},"20":{"name":"(anonymous_20)","decl":{"start":{"line":262,"column":2},"end":{"line":262,"column":6}},"loc":{"start":{"line":262,"column":17},"end":{"line":264,"column":3}}},"21":{"name":"(anonymous_21)","decl":{"start":{"line":266,"column":2},"end":{"line":266,"column":6}},"loc":{"start":{"line":266,"column":24},"end":{"line":268,"column":3}}}},"branchMap":{"0":{"loc":{"start":{"line":85,"column":4},"end":{"line":98,"column":5}},"type":"if","locations":[{"start":{"line":85,"column":4},"end":{"line":98,"column":5}},{"start":{"line":87,"column":11},"end":{"line":98,"column":5}}]},"1":{"loc":{"start":{"line":122,"column":23},"end":{"line":122,"column":38}},"type":"default-arg","locations":[{"start":{"line":122,"column":32},"end":{"line":122,"column":38}}]},"2":{"loc":{"start":{"line":123,"column":10},"end":{"line":126,"column":11}},"type":"if","locations":[{"start":{"line":123,"column":10},"end":{"line":126,"column":11}}]},"3":{"loc":{"start":{"line":128,"column":10},"end":{"line":130,"column":51}},"type":"if","locations":[{"start":{"line":128,"column":10},"end":{"line":130,"column":51}},{"start":{"line":129,"column":15},"end":{"line":130,"column":51}}]},"4":{"loc":{"start":{"line":129,"column":15},"end":{"line":130,"column":51}},"type":"if","locations":[{"start":{"line":129,"column":15},"end":{"line":130,"column":51}},{"start":{"line":130,"column":15},"end":{"line":130,"column":51}}]},"5":{"loc":{"start":{"line":169,"column":6},"end":{"line":170,"column":68}},"type":"if","locations":[{"start":{"line":169,"column":6},"end":{"line":170,"column":68}}]},"6":{"loc":{"start":{"line":169,"column":10},"end":{"line":169,"column":55}},"type":"binary-expr","locations":[{"start":{"line":169,"column":10},"end":{"line":169,"column":23}},{"start":{"line":169,"column":27},"end":{"line":169,"column":55}}]},"7":{"loc":{"start":{"line":171,"column":6},"end":{"line":171,"column":85}},"type":"if","locations":[{"start":{"line":171,"column":6},"end":{"line":171,"column":85}}]},"8":{"loc":{"start":{"line":171,"column":10},"end":{"line":171,"column":56}},"type":"binary-expr","locations":[{"start":{"line":171,"column":10},"end":{"line":171,"column":23}},{"start":{"line":171,"column":27},"end":{"line":171,"column":56}}]},"9":{"loc":{"start":{"line":172,"column":6},"end":{"line":175,"column":7}},"type":"if","locations":[{"start":{"line":172,"column":6},"end":{"line":175,"column":7}}]},"10":{"loc":{"start":{"line":172,"column":10},"end":{"line":172,"column":55}},"type":"binary-expr","locations":[{"start":{"line":172,"column":10},"end":{"line":172,"column":23}},{"start":{"line":172,"column":27},"end":{"line":172,"column":55}}]},"11":{"loc":{"start":{"line":202,"column":6},"end":{"line":203,"column":80}},"type":"if","locations":[{"start":{"line":202,"column":6},"end":{"line":203,"column":80}}]},"12":{"loc":{"start":{"line":204,"column":6},"end":{"line":205,"column":81}},"type":"if","locations":[{"start":{"line":204,"column":6},"end":{"line":205,"column":81}}]},"13":{"loc":{"start":{"line":253,"column":4},"end":{"line":259,"column":5}},"type":"if","locations":[{"start":{"line":253,"column":4},"end":{"line":259,"column":5}},{"start":{"line":256,"column":11},"end":{"line":259,"column":5}}]}},"s":{"0":11,"1":33,"2":33,"3":33,"4":33,"5":33,"6":5,"7":28,"8":28,"9":9,"10":1,"11":2,"12":3,"13":61,"14":61,"15":61,"16":15,"17":0,"18":0,"19":15,"20":15,"21":15,"22":0,"23":0,"24":0,"25":61,"26":11,"27":3,"28":15,"29":2,"30":1,"31":4,"32":4,"33":2,"34":4,"35":2,"36":4,"37":2,"38":2,"39":4,"40":211,"41":211,"42":211,"43":26,"44":185,"45":65,"46":120,"47":5,"48":5,"49":5,"50":4,"51":4,"52":3,"53":3,"54":1,"55":1,"56":8,"57":2},"f":{"0":33,"1":9,"2":1,"3":2,"4":3,"5":61,"6":61,"7":15,"8":11,"9":3,"10":15,"11":2,"12":1,"13":4,"14":4,"15":211,"16":211,"17":5,"18":5,"19":4,"20":8,"21":2},"b":{"0":[5,28],"1":[15],"2":[0],"3":[15,0],"4":[0,0],"5":[2],"6":[4,3],"7":[2],"8":[4,3],"9":[2],"10":[4,3],"11":[26],"12":[65],"13":[3,1]}}
,"/Users/alex/dev/keck-forms/src/zodValidator.ts": {"path":"/Users/alex/dev/keck-forms/src/zodValidator.ts","statementMap":{"0":{"start":{"line":5,"column":28},"end":{"line":19,"column":1}},"1":{"start":{"line":8,"column":2},"end":{"line":18,"column":4}},"2":{"start":{"line":9,"column":19},"end":{"line":9,"column":43}},"3":{"start":{"line":10,"column":4},"end":{"line":10,"column":43}},"4":{"start":{"line":10,"column":24},"end":{"line":10,"column":43}},"5":{"start":{"line":12,"column":4},"end":{"line":15,"column":5}},"6":{"start":{"line":13,"column":19},"end":{"line":13,"column":39}},"7":{"start":{"line":14,"column":6},"end":{"line":14,"column":68}},"8":{"start":{"line":17,"column":4},"end":{"line":17,"column":16}}},"fnMap":{"0":{"name":"(anonymous_0)","decl":{"start":{"line":5,"column":28},"end":{"line":5,"column":null}},"loc":{"start":{"line":7,"column":58},"end":{"line":19,"column":1}}},"1":{"name":"(anonymous_1)","decl":{"start":{"line":8,"column":9},"end":{"line":8,"column":10}},"loc":{"start":{"line":8,"column":30},"end":{"line":18,"column":3}}}},"branchMap":{"0":{"loc":{"start":{"line":10,"column":4},"end":{"line":10,"column":43}},"type":"if","locations":[{"start":{"line":10,"column":4},"end":{"line":10,"column":43}}]}},"s":{"0":3,"1":4,"2":9,"3":9,"4":4,"5":5,"6":9,"7":9,"8":5},"f":{"0":4,"1":9},"b":{"0":[4]}}
,"/Users/alex/dev/keck-forms/src/util/get.ts": {"path":"/Users/alex/dev/keck-forms/src/util/get.ts","statementMap":{"0":{"start":{"line":4,"column":2},"end":{"line":4,"column":47}}},"fnMap":{"0":{"name":"get","decl":{"start":{"line":3,"column":16},"end":{"line":3,"column":19}},"loc":{"start":{"line":3,"column":72},"end":{"line":5,"column":1}}}},"branchMap":{"0":{"loc":{"start":{"line":4,"column":9},"end":{"line":4,"column":46}},"type":"cond-expr","locations":[{"start":{"line":4,"column":25},"end":{"line":4,"column":28}},{"start":{"line":4,"column":31},"end":{"line":4,"column":46}}]}},"s":{"0":578},"f":{"0":578},"b":{"0":[148,430]}}
}
