{"/Users/abrombal/dev/keck-forms/src/util/transform.ts": {"path":"/Users/abrombal/dev/keck-forms/src/util/transform.ts","statementMap":{"0":{"start":{"line":23,"column":2},"end":{"line":25,"column":3}},"1":{"start":{"line":24,"column":4},"end":{"line":24,"column":79}},"2":{"start":{"line":28,"column":2},"end":{"line":32,"column":3}},"3":{"start":{"line":31,"column":4},"end":{"line":31,"column":18}},"4":{"start":{"line":35,"column":2},"end":{"line":45,"column":3}},"5":{"start":{"line":37,"column":4},"end":{"line":41,"column":5}},"6":{"start":{"line":38,"column":6},"end":{"line":40,"column":7}},"7":{"start":{"line":39,"column":8},"end":{"line":39,"column":27}},"8":{"start":{"line":42,"column":9},"end":{"line":45,"column":3}},"9":{"start":{"line":44,"column":4},"end":{"line":44,"column":34}},"10":{"start":{"line":49,"column":2},"end":{"line":60,"column":3}},"11":{"start":{"line":50,"column":20},"end":{"line":50,"column":47}},"12":{"start":{"line":51,"column":20},"end":{"line":51,"column":47}},"13":{"start":{"line":53,"column":4},"end":{"line":59,"column":5}},"14":{"start":{"line":55,"column":7},"end":{"line":55,"column":63}},"15":{"start":{"line":58,"column":7},"end":{"line":58,"column":44}},"16":{"start":{"line":61,"column":2},"end":{"line":61,"column":27}},"17":{"start":{"line":79,"column":2},"end":{"line":83,"column":4}},"18":{"start":{"line":91,"column":2},"end":{"line":91,"column":50}}},"fnMap":{"0":{"name":"transform","decl":{"start":{"line":19,"column":16},"end":{"line":19,"column":25}},"loc":{"start":{"line":21,"column":17},"end":{"line":62,"column":1}}},"1":{"name":"isPlainObject","decl":{"start":{"line":78,"column":9},"end":{"line":78,"column":22}},"loc":{"start":{"line":78,"column":35},"end":{"line":84,"column":1}}},"2":{"name":"isSupportedStructure","decl":{"start":{"line":90,"column":9},"end":{"line":90,"column":29}},"loc":{"start":{"line":90,"column":42},"end":{"line":92,"column":1}}}},"branchMap":{"0":{"loc":{"start":{"line":23,"column":2},"end":{"line":25,"column":3}},"type":"if","locations":[{"start":{"line":23,"column":2},"end":{"line":25,"column":3}}]},"1":{"loc":{"start":{"line":23,"column":6},"end":{"line":23,"column":68}},"type":"binary-expr","locations":[{"start":{"line":23,"column":6},"end":{"line":23,"column":35}},{"start":{"line":23,"column":39},"end":{"line":23,"column":68}}]},"2":{"loc":{"start":{"line":28,"column":2},"end":{"line":32,"column":3}},"type":"if","locations":[{"start":{"line":28,"column":2},"end":{"line":32,"column":3}}]},"3":{"loc":{"start":{"line":35,"column":2},"end":{"line":45,"column":3}},"type":"if","locations":[{"start":{"line":35,"column":2},"end":{"line":45,"column":3}},{"start":{"line":42,"column":9},"end":{"line":45,"column":3}}]},"4":{"loc":{"start":{"line":35,"column":6},"end":{"line":35,"column":52}},"type":"binary-expr","locations":[{"start":{"line":35,"column":6},"end":{"line":35,"column":27}},{"start":{"line":35,"column":31},"end":{"line":35,"column":52}}]},"5":{"loc":{"start":{"line":38,"column":6},"end":{"line":40,"column":7}},"type":"if","locations":[{"start":{"line":38,"column":6},"end":{"line":40,"column":7}}]},"6":{"loc":{"start":{"line":42,"column":9},"end":{"line":45,"column":3}},"type":"if","locations":[{"start":{"line":42,"column":9},"end":{"line":45,"column":3}}]},"7":{"loc":{"start":{"line":42,"column":13},"end":{"line":42,"column":59}},"type":"binary-expr","locations":[{"start":{"line":42,"column":13},"end":{"line":42,"column":34}},{"start":{"line":42,"column":38},"end":{"line":42,"column":59}}]},"8":{"loc":{"start":{"line":53,"column":4},"end":{"line":59,"column":5}},"type":"if","locations":[{"start":{"line":53,"column":4},"end":{"line":59,"column":5}},{"start":{"line":56,"column":11},"end":{"line":59,"column":5}}]},"9":{"loc":{"start":{"line":53,"column":8},"end":{"line":53,"column":68}},"type":"binary-expr","locations":[{"start":{"line":53,"column":8},"end":{"line":53,"column":36}},{"start":{"line":53,"column":40},"end":{"line":53,"column":68}}]},"10":{"loc":{"start":{"line":80,"column":4},"end":{"line":82,"column":61}},"type":"binary-expr","locations":[{"start":{"line":80,"column":4},"end":{"line":80,"column":16}},{"start":{"line":81,"column":4},"end":{"line":81,"column":27}},{"start":{"line":82,"column":4},"end":{"line":82,"column":61}}]},"11":{"loc":{"start":{"line":91,"column":9},"end":{"line":91,"column":49}},"type":"binary-expr","locations":[{"start":{"line":91,"column":9},"end":{"line":91,"column":27}},{"start":{"line":91,"column":31},"end":{"line":91,"column":49}}]}},"s":{"0":31,"1":6,"2":25,"3":2,"4":23,"5":15,"6":30,"7":8,"8":8,"9":8,"10":23,"11":47,"12":47,"13":47,"14":10,"15":37,"16":23,"17":131,"18":119},"f":{"0":31,"1":131,"2":119},"b":{"0":[6],"1":[31,28],"2":[2],"3":[15,8],"4":[23,15],"5":[8],"6":[8],"7":[8,8],"8":[10,37],"9":[47,13],"10":[131,131,97],"11":[119,93]}}
}
