TN:
SF:src/KeckField.ts
FN:30,(anonymous_0)
FN:36,(anonymous_1)
FN:40,(anonymous_2)
FN:41,(anonymous_3)
FN:47,(anonymous_4)
FN:49,(anonymous_5)
FN:55,(anonymous_6)
FN:56,(anonymous_7)
FN:70,(anonymous_8)
FN:77,(anonymous_9)
FN:99,(anonymous_10)
FN:103,(anonymous_11)
FN:104,(anonymous_12)
FNF:13
FNH:13
FNDA:116,(anonymous_0)
FNDA:59,(anonymous_1)
FNDA:22,(anonymous_2)
FNDA:22,(anonymous_3)
FNDA:13,(anonymous_4)
FNDA:27,(anonymous_5)
FNDA:38,(anonymous_6)
FNDA:56,(anonymous_7)
FNDA:8,(anonymous_8)
FNDA:8,(anonymous_9)
FNDA:8,(anonymous_10)
FNDA:1,(anonymous_11)
FNDA:4,(anonymous_12)
DA:31,116
DA:32,116
DA:33,116
DA:37,59
DA:41,22
DA:42,22
DA:43,22
DA:49,13
DA:50,27
DA:51,27
DA:56,38
DA:57,56
DA:60,33
DA:61,33
DA:62,51
DA:63,51
DA:66,20
DA:77,8
DA:78,8
DA:79,8
DA:80,7
DA:81,7
DA:82,1
DA:83,8
DA:86,0
DA:87,0
DA:88,0
DA:89,0
DA:90,0
DA:91,0
DA:92,0
DA:93,0
DA:95,0
DA:100,8
DA:104,4
LF:35
LH:26
BRDA:57,0,0,23
BRDA:63,1,0,13
BRDA:78,2,0,8
BRDA:79,3,0,7
BRDA:79,3,1,1
BRDA:86,4,0,0
BRDA:86,4,1,0
BRDA:91,5,0,0
BRDA:92,6,0,0
BRDA:92,6,1,0
BRDA:100,7,0,8
BRDA:100,7,1,2
BRF:12
BRH:7
end_of_record
TN:
SF:src/KeckFieldArray.ts
FN:11,(anonymous_0)
FNF:1
FNH:0
FNDA:0,(anonymous_0)
DA:22,0
LF:1
LH:0
BRF:0
BRH:0
end_of_record
TN:
SF:src/KeckFieldObject.ts
FN:8,(anonymous_0)
FNF:1
FNH:0
FNDA:0,(anonymous_0)
DA:16,0
LF:1
LH:0
BRF:0
BRH:0
end_of_record
TN:
SF:src/KeckForm.ts
FN:39,(anonymous_0)
FN:43,(anonymous_1)
FN:47,(anonymous_2)
FN:51,(anonymous_3)
FN:55,(anonymous_4)
FN:56,(anonymous_5)
FN:60,(anonymous_6)
FN:75,(anonymous_7)
FN:76,(anonymous_8)
FN:96,(anonymous_9)
FN:97,(anonymous_10)
FN:109,(anonymous_11)
FN:119,(anonymous_12)
FN:156,(anonymous_13)
FN:165,(anonymous_14)
FNF:15
FNH:15
FNDA:25,(anonymous_0)
FNDA:9,(anonymous_1)
FNDA:1,(anonymous_2)
FNDA:2,(anonymous_3)
FNDA:42,(anonymous_4)
FNDA:42,(anonymous_5)
FNDA:9,(anonymous_6)
FNDA:6,(anonymous_7)
FNDA:12,(anonymous_8)
FNDA:116,(anonymous_9)
FNDA:116,(anonymous_10)
FNDA:5,(anonymous_11)
FNDA:20,(anonymous_12)
FNDA:5,(anonymous_13)
FNDA:5,(anonymous_14)
DA:40,25
DA:44,9
DA:48,1
DA:52,2
DA:56,42
DA:57,42
DA:58,42
DA:61,9
DA:62,0
DA:63,0
DA:65,9
DA:66,9
DA:67,0
DA:68,0
DA:71,42
DA:76,12
DA:97,116
DA:98,116
DA:101,116
DA:102,19
DA:103,97
DA:104,23
DA:105,74
DA:110,5
DA:111,5
DA:123,20
DA:131,20
DA:157,5
DA:166,5
DA:170,5
LF:30
LH:26
BRDA:60,0,0,9
BRDA:61,1,0,0
BRDA:66,2,0,9
BRDA:66,2,1,0
BRDA:67,3,0,0
BRDA:67,3,1,0
BRDA:101,4,0,19
BRDA:103,5,0,23
BRF:8
BRH:4
end_of_record
TN:
SF:src/zodValidator.ts
FN:5,(anonymous_0)
FN:8,(anonymous_1)
FNF:2
FNH:2
FNDA:1,(anonymous_0)
FNDA:3,(anonymous_1)
DA:5,1
DA:8,1
DA:9,3
DA:10,3
DA:12,2
DA:13,3
DA:14,3
DA:17,2
LF:8
LH:8
BRDA:10,0,0,1
BRF:1
BRH:1
end_of_record
TN:
SF:src/util/get.ts
FN:3,get
FNF:1
FNH:1
FNDA:309,get
DA:4,309
LF:1
LH:1
BRDA:4,0,0,64
BRDA:4,0,1,245
BRF:2
BRH:2
end_of_record
TN:
SF:src/util/transform.ts
FN:19,transform
FN:78,isPlainObject
FN:90,isSupportedStructure
FNF:3
FNH:3
FNDA:31,transform
FNDA:131,isPlainObject
FNDA:119,isSupportedStructure
DA:23,31
DA:24,6
DA:28,25
DA:31,2
DA:35,23
DA:37,15
DA:38,30
DA:39,8
DA:42,8
DA:44,8
DA:49,23
DA:50,47
DA:51,47
DA:53,47
DA:55,10
DA:58,37
DA:61,23
DA:79,131
DA:91,119
LF:19
LH:19
BRDA:23,0,0,6
BRDA:23,1,0,31
BRDA:23,1,1,28
BRDA:28,2,0,2
BRDA:35,3,0,15
BRDA:35,3,1,8
BRDA:35,4,0,23
BRDA:35,4,1,15
BRDA:38,5,0,8
BRDA:42,6,0,8
BRDA:42,7,0,8
BRDA:42,7,1,8
BRDA:53,8,0,10
BRDA:53,8,1,37
BRDA:53,9,0,47
BRDA:53,9,1,13
BRDA:80,10,0,131
BRDA:80,10,1,131
BRDA:80,10,2,97
BRDA:91,11,0,119
BRDA:91,11,1,93
BRF:21
BRH:21
end_of_record
