TN:
SF:src/KeckField.ts
FN:33,(anonymous_0)
FN:38,(anonymous_1)
FN:42,(anonymous_2)
FN:43,(anonymous_3)
FN:53,(anonymous_4)
FN:55,(anonymous_5)
FN:61,(anonymous_6)
FN:62,(anonymous_7)
FN:77,(anonymous_8)
FN:84,(anonymous_9)
FN:99,(anonymous_10)
FN:116,(anonymous_11)
FN:117,(anonymous_12)
FN:120,(anonymous_13)
FN:122,(anonymous_14)
FN:126,(anonymous_15)
FN:130,(anonymous_16)
FN:131,(anonymous_17)
FN:134,(anonymous_18)
FN:135,(anonymous_19)
FNF:20
FNH:19
FNDA:251,(anonymous_0)
FNDA:72,(anonymous_1)
FNDA:31,(anonymous_2)
FNDA:31,(anonymous_3)
FNDA:13,(anonymous_4)
FNDA:15,(anonymous_5)
FNDA:93,(anonymous_6)
FNDA:99,(anonymous_7)
FNDA:24,(anonymous_8)
FNDA:24,(anonymous_9)
FNDA:2,(anonymous_10)
FNDA:11,(anonymous_11)
FNDA:11,(anonymous_12)
FNDA:4,(anonymous_13)
FNDA:4,(anonymous_14)
FNDA:0,(anonymous_15)
FNDA:12,(anonymous_16)
FNDA:15,(anonymous_17)
FNDA:2,(anonymous_18)
FNDA:2,(anonymous_19)
DA:34,251
DA:35,251
DA:39,72
DA:43,31
DA:44,31
DA:45,30
DA:47,1
DA:49,31
DA:55,13
DA:56,15
DA:57,15
DA:62,93
DA:63,99
DA:66,60
DA:67,60
DA:68,113
DA:70,113
DA:73,47
DA:84,24
DA:85,24
DA:86,19
DA:87,18
DA:88,18
DA:89,1
DA:90,5
DA:91,4
DA:92,4
DA:94,4
DA:95,8
DA:96,8
DA:97,8
DA:99,2
DA:101,6
DA:103,2
DA:107,4
DA:108,2
DA:111,1
DA:117,11
DA:121,4
DA:123,4
DA:126,0
DA:131,15
DA:135,2
DA:136,2
DA:137,2
DA:138,2
DA:140,0
DA:142,2
DA:143,2
LF:49
LH:47
BRDA:44,0,0,30
BRDA:44,0,1,1
BRDA:63,1,0,39
BRDA:70,2,0,13
BRDA:85,3,0,19
BRDA:85,3,1,5
BRDA:86,4,0,18
BRDA:86,4,1,1
BRDA:90,5,0,4
BRDA:90,5,1,1
BRDA:97,6,0,6
BRDA:97,6,1,2
BRDA:98,7,0,8
BRDA:98,7,1,3
BRDA:98,7,2,3
BRDA:107,8,0,2
BRDA:117,9,0,11
BRDA:117,9,1,4
BRDA:123,10,0,2
BRDA:123,10,1,2
BRDA:124,11,0,2
BRDA:124,11,1,0
BRDA:137,12,0,2
BRDA:137,12,1,0
BRF:24
BRH:22
end_of_record
TN:
SF:src/KeckFieldArray.ts
FN:10,(anonymous_0)
FN:26,(anonymous_1)
FN:40,(anonymous_2)
FN:42,(anonymous_3)
FN:43,(anonymous_4)
FN:46,(anonymous_5)
FN:48,(anonymous_6)
FNF:7
FNH:4
FNDA:0,(anonymous_0)
FNDA:0,(anonymous_1)
FNDA:1,(anonymous_2)
FNDA:1,(anonymous_3)
FNDA:4,(anonymous_4)
FNDA:3,(anonymous_5)
FNDA:0,(anonymous_6)
DA:20,0
DA:37,0
DA:41,1
DA:43,1
DA:44,4
DA:46,3
DA:48,0
LF:7
LH:4
BRF:0
BRH:0
end_of_record
TN:
SF:src/KeckFieldObject.ts
FN:10,(anonymous_0)
FN:23,(anonymous_1)
FN:25,(anonymous_2)
FN:26,(anonymous_3)
FN:29,(anonymous_4)
FN:31,(anonymous_5)
FNF:6
FNH:5
FNDA:7,(anonymous_0)
FNDA:13,(anonymous_1)
FNDA:13,(anonymous_2)
FNDA:18,(anonymous_3)
FNDA:16,(anonymous_4)
FNDA:0,(anonymous_5)
DA:20,7
DA:24,13
DA:26,13
DA:27,18
DA:29,16
DA:31,0
LF:6
LH:5
BRF:0
BRH:0
end_of_record
TN:
SF:src/KeckForm.internalFields.ts
FNF:0
FNH:0
DA:1,11
DA:2,11
DA:3,11
LF:3
LH:3
BRF:0
BRH:0
end_of_record
TN:
SF:src/KeckForm.ts
FN:71,(anonymous_0)
FN:80,(anonymous_1)
FN:87,(anonymous_2)
FN:91,(anonymous_3)
FN:95,(anonymous_4)
FN:99,(anonymous_5)
FN:100,(anonymous_6)
FN:104,(anonymous_7)
FN:120,(anonymous_8)
FN:124,(anonymous_9)
FN:128,(anonymous_10)
FN:132,(anonymous_11)
FN:136,(anonymous_12)
FN:140,(anonymous_13)
FN:150,(anonymous_14)
FN:155,(anonymous_15)
FN:186,(anonymous_16)
FN:187,(anonymous_17)
FN:197,(anonymous_18)
FN:225,(anonymous_19)
FN:230,(anonymous_20)
FN:234,(anonymous_21)
FN:238,(anonymous_22)
FN:242,(anonymous_23)
FNF:24
FNH:22
FNDA:34,(anonymous_0)
FNDA:1,(anonymous_1)
FNDA:2,(anonymous_2)
FNDA:5,(anonymous_3)
FNDA:1,(anonymous_4)
FNDA:76,(anonymous_5)
FNDA:76,(anonymous_6)
FNDA:15,(anonymous_7)
FNDA:11,(anonymous_8)
FNDA:3,(anonymous_9)
FNDA:17,(anonymous_10)
FNDA:2,(anonymous_11)
FNDA:1,(anonymous_12)
FNDA:1,(anonymous_13)
FNDA:4,(anonymous_14)
FNDA:4,(anonymous_15)
FNDA:251,(anonymous_16)
FNDA:251,(anonymous_17)
FNDA:5,(anonymous_18)
FNDA:5,(anonymous_19)
FNDA:0,(anonymous_20)
FNDA:9,(anonymous_21)
FNDA:2,(anonymous_22)
FNDA:0,(anonymous_23)
DA:44,11
DA:55,34
DA:56,34
DA:57,34
DA:58,34
DA:59,34
DA:60,34
DA:61,34
DA:72,34
DA:73,34
DA:74,34
DA:75,34
DA:76,34
DA:77,34
DA:81,1
DA:82,1
DA:83,1
DA:84,1
DA:88,2
DA:92,5
DA:96,1
DA:100,76
DA:101,76
DA:102,76
DA:103,76
DA:105,15
DA:106,0
DA:107,0
DA:109,15
DA:110,15
DA:111,0
DA:112,0
DA:115,76
DA:116,76
DA:121,11
DA:125,3
DA:129,17
DA:133,2
DA:137,1
DA:141,1
DA:155,4
DA:156,4
DA:157,2
DA:158,4
DA:159,4
DA:160,2
DA:161,2
DA:163,4
DA:187,251
DA:188,251
DA:191,251
DA:192,223
DA:193,138
DA:199,5
DA:201,5
DA:202,5
DA:203,5
DA:204,5
DA:205,5
DA:206,4
DA:207,4
DA:209,1
DA:212,0
DA:214,5
DA:225,34
DA:226,5
DA:227,5
DA:231,0
DA:235,9
DA:239,2
DA:243,0
DA:247,11
LF:72
LH:65
BRDA:81,0,0,0
BRDA:82,1,0,0
BRDA:83,2,0,1
BRDA:84,3,0,0
BRDA:103,4,0,71
BRDA:103,4,1,5
BRDA:104,5,0,15
BRDA:105,6,0,0
BRDA:105,7,0,15
BRDA:105,7,1,0
BRDA:110,8,0,15
BRDA:110,8,1,0
BRDA:111,9,0,0
BRDA:111,9,1,0
BRDA:156,10,0,2
BRDA:156,11,0,4
BRDA:156,11,1,3
BRDA:158,12,0,2
BRDA:158,13,0,4
BRDA:158,13,1,3
BRDA:159,14,0,2
BRDA:159,15,0,4
BRDA:159,15,1,3
BRDA:191,16,0,28
BRDA:192,17,0,85
BRDA:205,18,0,4
BRDA:205,18,1,1
BRDA:205,19,0,5
BRDA:205,19,1,4
BRF:29
BRH:21
end_of_record
TN:
SF:src/zodValidator.ts
FN:5,(anonymous_0)
FN:8,(anonymous_1)
FNF:2
FNH:2
FNDA:4,(anonymous_0)
FNDA:9,(anonymous_1)
DA:5,3
DA:8,4
DA:9,9
DA:10,9
DA:12,5
DA:13,9
DA:14,9
DA:17,5
LF:8
LH:8
BRDA:10,0,0,4
BRF:1
BRH:1
end_of_record
TN:
SF:src/util/get.ts
FN:3,get
FNF:1
FNH:1
FNDA:560,get
DA:4,560
LF:1
LH:1
BRDA:4,0,0,133
BRDA:4,0,1,427
BRF:2
BRH:2
end_of_record
